android/app/build/intermediates/manifest_merge_blame_file/release/processReleaseMainManifest/manifest-merger-blame-release-report.txt
1<?xml version="1.0" encoding="utf-8"?>
2<manifest xmlns:android="http://schemas.android.com/apk/res/android"
3    package="com.example.bnm_edu"
4    android:versionCode="1"
5    android:versionName="1.0" >
6
7    <uses-sdk
8        android:minSdkVersion="21"
9        android:targetSdkVersion="34" />
10
11    <uses-permission android:name="android.permission.INTERNET" />
11-->src\main\AndroidManifest.xml:2:5-67
11-->src\main\AndroidManifest.xml:2:22-64
12    <uses-permission
12-->src\main\AndroidManifest.xml:3:5-80
13        android:name="android.permission.READ_EXTERNAL_STORAGE"
13-->src\main\AndroidManifest.xml:3:22-77
14        android:maxSdkVersion="32" />
14-->[:file_picker] AndroidManifest.xml:9:9-35
15    <uses-permission
15-->src\main\AndroidManifest.xml:4:5-5:38
16        android:name="android.permission.WRITE_EXTERNAL_STORAGE"
16-->src\main\AndroidManifest.xml:4:22-78
17        android:maxSdkVersion="28" />
17-->src\main\AndroidManifest.xml:5:9-35
18    <uses-permission android:name="android.permission.CAMERA" />
18-->src\main\AndroidManifest.xml:6:5-65
18-->src\main\AndroidManifest.xml:6:22-62
19    <uses-permission android:name="android.permission.READ_MEDIA_IMAGES" />
19-->src\main\AndroidManifest.xml:7:5-76
19-->src\main\AndroidManifest.xml:7:22-73
20    <!--
21         Required to query activities that can process text, see:
22         https://developer.android.com/training/package-visibility and
23         https://developer.android.com/reference/android/content/Intent#ACTION_PROCESS_TEXT.
24
25         In particular, this is used by the Flutter engine in io.flutter.plugin.text.ProcessTextPlugin.
26    -->
27    <queries>
27-->src\main\AndroidManifest.xml:46:5-51:15
28        <intent>
28-->src\main\AndroidManifest.xml:47:9-50:18
29            <action android:name="android.intent.action.PROCESS_TEXT" />
29-->src\main\AndroidManifest.xml:48:13-73
29-->src\main\AndroidManifest.xml:48:21-70
30
31            <data android:mimeType="text/plain" />
31-->src\main\AndroidManifest.xml:49:13-51
31-->src\main\AndroidManifest.xml:49:19-48
32        </intent>
33        <intent>
33-->[:file_picker] AndroidManifest.xml:12:9-16:18
34            <action android:name="android.intent.action.GET_CONTENT" />
34-->[:file_picker] AndroidManifest.xml:13:13-72
34-->[:file_picker] AndroidManifest.xml:13:21-69
35
36            <data android:mimeType="*/*" />
36-->src\main\AndroidManifest.xml:49:13-51
36-->src\main\AndroidManifest.xml:49:19-48
37        </intent>
38    </queries>
39
40    <permission
40-->[androidx.core:core:1.13.1] AndroidManifest.xml:22:5-24:47
41        android:name="com.example.bnm_edu.DYNAMIC_RECEIVER_NOT_EXPORTED_PERMISSION"
41-->[androidx.core:core:1.13.1] AndroidManifest.xml:23:9-81
42        android:protectionLevel="signature" />
42-->[androidx.core:core:1.13.1] AndroidManifest.xml:24:9-44
43
44    <uses-permission android:name="com.example.bnm_edu.DYNAMIC_RECEIVER_NOT_EXPORTED_PERMISSION" />
44-->[androidx.core:core:1.13.1] AndroidManifest.xml:26:5-97
44-->[androidx.core:core:1.13.1] AndroidManifest.xml:26:22-94
45
46    <application
47        android:name="android.app.Application"
47-->src\main\AndroidManifest.xml:11:9-42
48        android:appComponentFactory="androidx.core.app.CoreComponentFactory"
48-->[androidx.core:core:1.13.1] AndroidManifest.xml:28:18-86
49        android:extractNativeLibs="true"
50        android:icon="@mipmap/ic_launcher"
50-->src\main\AndroidManifest.xml:12:9-43
51        android:label="bnm_edu" >
51-->src\main\AndroidManifest.xml:10:9-32
52        <activity
52-->src\main\AndroidManifest.xml:13:9-34:20
53            android:name="com.example.bnm_edu.MainActivity"
53-->src\main\AndroidManifest.xml:14:13-41
54            android:configChanges="orientation|keyboardHidden|keyboard|screenSize|smallestScreenSize|locale|layoutDirection|fontScale|screenLayout|density|uiMode"
54-->src\main\AndroidManifest.xml:19:13-163
55            android:exported="true"
55-->src\main\AndroidManifest.xml:15:13-36
56            android:hardwareAccelerated="true"
56-->src\main\AndroidManifest.xml:20:13-47
57            android:launchMode="singleTop"
57-->src\main\AndroidManifest.xml:16:13-43
58            android:taskAffinity=""
58-->src\main\AndroidManifest.xml:17:13-36
59            android:theme="@style/LaunchTheme"
59-->src\main\AndroidManifest.xml:18:13-47
60            android:windowSoftInputMode="adjustResize" >
60-->src\main\AndroidManifest.xml:21:13-55
61
62            <!--
63                 Specifies an Android theme to apply to this Activity as soon as
64                 the Android process has started. This theme is visible to the user
65                 while the Flutter UI initializes. After that, this theme continues
66                 to determine the Window background behind the Flutter UI.
67            -->
68            <meta-data
68-->src\main\AndroidManifest.xml:26:13-29:15
69                android:name="io.flutter.embedding.android.NormalTheme"
69-->src\main\AndroidManifest.xml:27:17-72
70                android:resource="@style/NormalTheme" />
70-->src\main\AndroidManifest.xml:28:17-54
71
72            <intent-filter>
72-->src\main\AndroidManifest.xml:30:13-33:29
73                <action android:name="android.intent.action.MAIN" />
73-->src\main\AndroidManifest.xml:31:17-69
73-->src\main\AndroidManifest.xml:31:25-66
74
75                <category android:name="android.intent.category.LAUNCHER" />
75-->src\main\AndroidManifest.xml:32:17-77
75-->src\main\AndroidManifest.xml:32:27-74
76            </intent-filter>
77        </activity>
78        <!--
79             Don't delete the meta-data below.
80             This is used by the Flutter tool to generate GeneratedPluginRegistrant.java
81        -->
82        <meta-data
82-->src\main\AndroidManifest.xml:37:9-39:33
83            android:name="flutterEmbedding"
83-->src\main\AndroidManifest.xml:38:13-44
84            android:value="2" />
84-->src\main\AndroidManifest.xml:39:13-30
85
86        <provider
86-->[:image_picker_android] AndroidManifest.xml:9:9-17:20
87            android:name="io.flutter.plugins.imagepicker.ImagePickerFileProvider"
87-->[:image_picker_android] AndroidManifest.xml:10:13-82
88            android:authorities="com.example.bnm_edu.flutter.image_provider"
88-->[:image_picker_android] AndroidManifest.xml:11:13-74
89            android:exported="false"
89-->[:image_picker_android] AndroidManifest.xml:12:13-37
90            android:grantUriPermissions="true" >
90-->[:image_picker_android] AndroidManifest.xml:13:13-47
91            <meta-data
91-->[:image_picker_android] AndroidManifest.xml:14:13-16:75
92                android:name="android.support.FILE_PROVIDER_PATHS"
92-->[:image_picker_android] AndroidManifest.xml:15:17-67
93                android:resource="@xml/flutter_image_picker_file_paths" />
93-->[:image_picker_android] AndroidManifest.xml:16:17-72
94        </provider> <!-- Trigger Google Play services to install the backported photo picker module. -->
95        <service
95-->[:image_picker_android] AndroidManifest.xml:19:9-31:19
96            android:name="com.google.android.gms.metadata.ModuleDependencies"
96-->[:image_picker_android] AndroidManifest.xml:20:13-78
97            android:enabled="false"
97-->[:image_picker_android] AndroidManifest.xml:21:13-36
98            android:exported="false" >
98-->[:image_picker_android] AndroidManifest.xml:22:13-37
99            <intent-filter>
99-->[:image_picker_android] AndroidManifest.xml:24:13-26:29
100                <action android:name="com.google.android.gms.metadata.MODULE_DEPENDENCIES" />
100-->[:image_picker_android] AndroidManifest.xml:25:17-94
100-->[:image_picker_android] AndroidManifest.xml:25:25-91
101            </intent-filter>
102
103            <meta-data
103-->[:image_picker_android] AndroidManifest.xml:28:13-30:36
104                android:name="photopicker_activity:0:required"
104-->[:image_picker_android] AndroidManifest.xml:29:17-63
105                android:value="" />
105-->[:image_picker_android] AndroidManifest.xml:30:17-33
106        </service>
107
108        <activity
108-->[:url_launcher_android] AndroidManifest.xml:8:9-11:74
109            android:name="io.flutter.plugins.urllauncher.WebViewActivity"
109-->[:url_launcher_android] AndroidManifest.xml:9:13-74
110            android:exported="false"
110-->[:url_launcher_android] AndroidManifest.xml:10:13-37
111            android:theme="@android:style/Theme.NoTitleBar.Fullscreen" />
111-->[:url_launcher_android] AndroidManifest.xml:11:13-71
112
113        <uses-library
113-->[androidx.window:window:1.2.0] AndroidManifest.xml:23:9-25:40
114            android:name="androidx.window.extensions"
114-->[androidx.window:window:1.2.0] AndroidManifest.xml:24:13-54
115            android:required="false" />
115-->[androidx.window:window:1.2.0] AndroidManifest.xml:25:13-37
116        <uses-library
116-->[androidx.window:window:1.2.0] AndroidManifest.xml:26:9-28:40
117            android:name="androidx.window.sidecar"
117-->[androidx.window:window:1.2.0] AndroidManifest.xml:27:13-51
118            android:required="false" />
118-->[androidx.window:window:1.2.0] AndroidManifest.xml:28:13-37
119
120        <provider
120-->[androidx.lifecycle:lifecycle-process:2.7.0] AndroidManifest.xml:24:9-32:20
121            android:name="androidx.startup.InitializationProvider"
121-->[androidx.lifecycle:lifecycle-process:2.7.0] AndroidManifest.xml:25:13-67
122            android:authorities="com.example.bnm_edu.androidx-startup"
122-->[androidx.lifecycle:lifecycle-process:2.7.0] AndroidManifest.xml:26:13-68
123            android:exported="false" >
123-->[androidx.lifecycle:lifecycle-process:2.7.0] AndroidManifest.xml:27:13-37
124            <meta-data
124-->[androidx.lifecycle:lifecycle-process:2.7.0] AndroidManifest.xml:29:13-31:52
125                android:name="androidx.lifecycle.ProcessLifecycleInitializer"
125-->[androidx.lifecycle:lifecycle-process:2.7.0] AndroidManifest.xml:30:17-78
126                android:value="androidx.startup" />
126-->[androidx.lifecycle:lifecycle-process:2.7.0] AndroidManifest.xml:31:17-49
127            <meta-data
127-->[androidx.profileinstaller:profileinstaller:1.3.1] AndroidManifest.xml:29:13-31:52
128                android:name="androidx.profileinstaller.ProfileInstallerInitializer"
128-->[androidx.profileinstaller:profileinstaller:1.3.1] AndroidManifest.xml:30:17-85
129                android:value="androidx.startup" />
129-->[androidx.profileinstaller:profileinstaller:1.3.1] AndroidManifest.xml:31:17-49
130        </provider>
131
132        <receiver
132-->[androidx.profileinstaller:profileinstaller:1.3.1] AndroidManifest.xml:34:9-52:20
133            android:name="androidx.profileinstaller.ProfileInstallReceiver"
133-->[androidx.profileinstaller:profileinstaller:1.3.1] AndroidManifest.xml:35:13-76
134            android:directBootAware="false"
134-->[androidx.profileinstaller:profileinstaller:1.3.1] AndroidManifest.xml:36:13-44
135            android:enabled="true"
135-->[androidx.profileinstaller:profileinstaller:1.3.1] AndroidManifest.xml:37:13-35
136            android:exported="true"
136-->[androidx.profileinstaller:profileinstaller:1.3.1] AndroidManifest.xml:38:13-36
137            android:permission="android.permission.DUMP" >
137-->[androidx.profileinstaller:profileinstaller:1.3.1] AndroidManifest.xml:39:13-57
138            <intent-filter>
138-->[androidx.profileinstaller:profileinstaller:1.3.1] AndroidManifest.xml:40:13-42:29
139                <action android:name="androidx.profileinstaller.action.INSTALL_PROFILE" />
139-->[androidx.profileinstaller:profileinstaller:1.3.1] AndroidManifest.xml:41:17-91
139-->[androidx.profileinstaller:profileinstaller:1.3.1] AndroidManifest.xml:41:25-88
140            </intent-filter>
141            <intent-filter>
141-->[androidx.profileinstaller:profileinstaller:1.3.1] AndroidManifest.xml:43:13-45:29
142                <action android:name="androidx.profileinstaller.action.SKIP_FILE" />
142-->[androidx.profileinstaller:profileinstaller:1.3.1] AndroidManifest.xml:44:17-85
142-->[androidx.profileinstaller:profileinstaller:1.3.1] AndroidManifest.xml:44:25-82
143            </intent-filter>
144            <intent-filter>
144-->[androidx.profileinstaller:profileinstaller:1.3.1] AndroidManifest.xml:46:13-48:29
145                <action android:name="androidx.profileinstaller.action.SAVE_PROFILE" />
145-->[androidx.profileinstaller:profileinstaller:1.3.1] AndroidManifest.xml:47:17-88
145-->[androidx.profileinstaller:profileinstaller:1.3.1] AndroidManifest.xml:47:25-85
146            </intent-filter>
147            <intent-filter>
147-->[androidx.profileinstaller:profileinstaller:1.3.1] AndroidManifest.xml:49:13-51:29
148                <action android:name="androidx.profileinstaller.action.BENCHMARK_OPERATION" />
148-->[androidx.profileinstaller:profileinstaller:1.3.1] AndroidManifest.xml:50:17-95
148-->[androidx.profileinstaller:profileinstaller:1.3.1] AndroidManifest.xml:50:25-92
149            </intent-filter>
150        </receiver>
151    </application>
152
153</manifest>